Change Component Designator: OldDesignator=C? NewDesignator=C1
Change Component Designator: OldDesignator=C? NewDesignator=C2
Change Component Designator: OldDesignator=C? NewDesignator=C3
Change Component Designator: OldDesignator=C? NewDesignator=C4
Change Component Designator: OldDesignator=C? NewDesignator=C5
Change Component Designator: OldDesignator=C? NewDesignator=C6
Change Component Designator: OldDesignator=C? NewDesignator=C7
Change Component Designator: OldDesignator=C? NewDesignator=C8
Change Component Designator: OldDesignator=C? NewDesignator=C9
Change Component Designator: OldDesignator=C? NewDesignator=C10
Change Component Designator: OldDesignator=C? NewDesignator=C11
Change Component Designator: OldDesignator=C? NewDesignator=C12
Change Component Designator: OldDesignator=C? NewDesignator=C13
Change Component Designator: OldDesignator=C? NewDesignator=C14
Change Component Designator: OldDesignator=C? NewDesignator=C15
Change Component Designator: OldDesignator=D? NewDesignator=D1
Change Component Designator: OldDesignator=D? NewDesignator=D2
Change Component Designator: OldDesignator=D? NewDesignator=D3
Change Component Designator: OldDesignator=FB? NewDesignator=FB1
Change Component Designator: OldDesignator=FB? NewDesignator=FB2
Change Component Designator: OldDesignator=J? NewDesignator=J1
Change Component Designator: OldDesignator=J? NewDesignator=J2
Change Component Designator: OldDesignator=J? NewDesignator=J3
Change Component Designator: OldDesignator=P? NewDesignator=P1
Change Component Designator: OldDesignator=P? NewDesignator=P2
Change Component Designator: OldDesignator=R? NewDesignator=R1
Change Component Designator: OldDesignator=R? NewDesignator=R2
Change Component Designator: OldDesignator=R? NewDesignator=R3
Change Component Designator: OldDesignator=R? NewDesignator=R4
Change Component Designator: OldDesignator=R? NewDesignator=R5
Change Component Designator: OldDesignator=R? NewDesignator=R6
Change Component Designator: OldDesignator=R? NewDesignator=R7
Change Component Designator: OldDesignator=R? NewDesignator=R8
Change Component Designator: OldDesignator=R? NewDesignator=R9
Change Component Designator: OldDesignator=R? NewDesignator=R10
Change Component Designator: OldDesignator=R? NewDesignator=R11
Change Component Designator: OldDesignator=R? NewDesignator=R12
Change Component Designator: OldDesignator=R? NewDesignator=R13
Change Component Designator: OldDesignator=R? NewDesignator=R14
Change Component Designator: OldDesignator=R? NewDesignator=R15
Change Component Designator: OldDesignator=SW? NewDesignator=SW1
Change Component Designator: OldDesignator=U? NewDesignator=U1
Change Component Designator: OldDesignator=U? NewDesignator=U2
Change Component Designator: OldDesignator=U? NewDesignator=U3
Change Component Designator: OldDesignator=Y? NewDesignator=Y1
Change Component Designator: OldDesignator=Y? NewDesignator=Y2
Change Net Name : Old Net Name=NetC?_1 New Net Name=NetC10_1
Change Net Name : Old Net Name=NetD?_1 New Net Name=NetD3_1
Change Net Name : Old Net Name=NetP?_2 New Net Name=NetP1_2
Change Net Name : Old Net Name=NetP?_3 New Net Name=NetP2_3
Change Net Name : Old Net Name=NetP?_4 New Net Name=NetP2_4
Added Pin To Net: NetName=NetC8_1 Pin=C8-1
Added Pin To Net: NetName=NetC8_1 Pin=R5-1
Added Pin To Net: NetName=NetC8_1 Pin=SW1-2
Added Net: Name=NetC8_1
Added Pin To Net: NetName=NetD1_1 Pin=D1-1
Added Pin To Net: NetName=NetD1_1 Pin=FB1-1
Added Net: Name=NetD1_1
Added Pin To Net: NetName=NetD2_1 Pin=D2-1
Added Pin To Net: NetName=NetD2_1 Pin=R12-1
Added Net: Name=NetD2_1
Added Pin To Net: NetName=NetP1_3 Pin=P1-3
Added Pin To Net: NetName=NetP1_3 Pin=R3-1
Added Pin To Net: NetName=NetP1_3 Pin=R4-2
Added Net: Name=NetP1_3
Added Member To Class: ClassName=STM32F103C8T6_custom-board Member=Component C1 10uF 0603
Added Member To Class: ClassName=STM32F103C8T6_custom-board Member=Component C3 1uF 0603
Added Member To Class: ClassName=STM32F103C8T6_custom-board Member=Component C4 47uF 0805
Added Member To Class: ClassName=STM32F103C8T6_custom-board Member=Component C5 0.1uF 0603
Added Member To Class: ClassName=STM32F103C8T6_custom-board Member=Component C6 0.1uF 0603
Added Member To Class: ClassName=STM32F103C8T6_custom-board Member=Component C7 0.1uF 0603
Added Member To Class: ClassName=STM32F103C8T6_custom-board Member=Component C8 1uF 0603
Added Member To Class: ClassName=STM32F103C8T6_custom-board Member=Component C9 4.7uF 0603
Added Member To Class: ClassName=STM32F103C8T6_custom-board Member=Component C10 10nF 0603
Added Member To Class: ClassName=STM32F103C8T6_custom-board Member=Component C11 1uF 0603
Added Member To Class: ClassName=STM32F103C8T6_custom-board Member=Component C12 12pF 0603
Added Member To Class: ClassName=STM32F103C8T6_custom-board Member=Component C13 12pF 0603
Added Member To Class: ClassName=STM32F103C8T6_custom-board Member=Component C14 9pF 0402
Added Member To Class: ClassName=STM32F103C8T6_custom-board Member=Component C15 9pF 0402
Added Member To Class: ClassName=STM32F103C8T6_custom-board Member=Component D1 40V 1A
Added Member To Class: ClassName=STM32F103C8T6_custom-board Member=Component D2 RED LED
Added Member To Class: ClassName=STM32F103C8T6_custom-board Member=Component FB1 120O 0603
Added Member To Class: ClassName=STM32F103C8T6_custom-board Member=Component J1 Header 20 pin
Added Member To Class: ClassName=STM32F103C8T6_custom-board Member=Component J2 Header 20 pin
Added Member To Class: ClassName=STM32F103C8T6_custom-board Member=Component P2 Jumper 3x2
Added Member To Class: ClassName=STM32F103C8T6_custom-board Member=Component R1 10kO 0603
Added Member To Class: ClassName=STM32F103C8T6_custom-board Member=Component R2 22O 0603
Added Member To Class: ClassName=STM32F103C8T6_custom-board Member=Component R3 22O 0603
Added Member To Class: ClassName=STM32F103C8T6_custom-board Member=Component R4 10kO 0603
Added Member To Class: ClassName=STM32F103C8T6_custom-board Member=Component R5 10kO 0603
Added Member To Class: ClassName=STM32F103C8T6_custom-board Member=Component R6 100kO 0603
Added Member To Class: ClassName=STM32F103C8T6_custom-board Member=Component R7 100kO 0603
Added Member To Class: ClassName=STM32F103C8T6_custom-board Member=Component R8 22O 0603
Added Member To Class: ClassName=STM32F103C8T6_custom-board Member=Component R9 5.1k 0603
Added Member To Class: ClassName=STM32F103C8T6_custom-board Member=Component R10 5.1k 0603
Added Member To Class: ClassName=STM32F103C8T6_custom-board Member=Component R12 510O 0805
Added Member To Class: ClassName=STM32F103C8T6_custom-board Member=Component R13 200kO 0603
Added Member To Class: ClassName=STM32F103C8T6_custom-board Member=Component R14 510O 0805
Added Member To Class: ClassName=STM32F103C8T6_custom-board Member=Component R15 1MHz 0603
Added Member To Class: ClassName=STM32F103C8T6_custom-board Member=Component U1 TLV75733PDBVR
Added Member To Class: ClassName=STM32F103C8T6_custom-board Member=Component U3 STM32F103C8T6TR
Added Member To Class: ClassName=STM32F103C8T6_custom-board Member=Component Y2 32.768KHz
